<html>
<head>
<title>TestNG:  chromeTest</title>
<link href="../testng.css" rel="stylesheet" type="text/css" />
<link href="../my-testng.css" rel="stylesheet" type="text/css" />

<style type="text/css">
.log { display: none;} 
.stack-trace { display: none;} 
</style>
<script type="text/javascript">
<!--
function flip(e) {
  current = e.style.display;
  if (current == 'block') {
    e.style.display = 'none';
    return 0;
  }
  else {
    e.style.display = 'block';
    return 1;
  }
}

function toggleBox(szDivId, elem, msg1, msg2)
{
  var res = -1;  if (document.getElementById) {
    res = flip(document.getElementById(szDivId));
  }
  else if (document.all) {
    // this is the way old msie versions work
    res = flip(document.all[szDivId]);
  }
  if(elem) {
    if(res == 0) elem.innerHTML = msg1; else elem.innerHTML = msg2;
  }

}

function toggleAllBoxes() {
  if (document.getElementsByTagName) {
    d = document.getElementsByTagName('div');
    for (i = 0; i < d.length; i++) {
      if (d[i].className == 'log') {
        flip(d[i]);
      }
    }
  }
}

// -->
</script>

</head>
<body>
<h2 align='center'>chromeTest</h2><table border='1' align="center">
<tr>
<td>Tests passed/Failed/Skipped:</td><td>52/3/0</td>
</tr><tr>
<td>Started on:</td><td>Wed May 17 16:34:05 EDT 2023</td>
</tr>
<tr><td>Total time:</td><td>56 seconds (56144 ms)</td>
</tr><tr>
<td>Included groups:</td><td></td>
</tr><tr>
<td>Excluded groups:</td><td></td>
</tr>
</table><p/>
<small><i>(Hover the method name to see the test class name)</i></small><p/>
<table width='100%' border='1' class='invocation-failed'>
<tr><td colspan='4' align='center'><b>FAILED TESTS</b></td></tr>
<tr><td><b>Test method</b></td>
<td width="30%"><b>Exception</b></td>
<td width="10%"><b>Time (seconds)</b></td>
<td><b>Instance</b></td>
</tr>
<tr>
<td title='testRunner.TestNGRunner.runScenario()'><b>runScenario</b><br>Test class: testRunner.TestNGRunner<br>Test method: Runs Cucumber Scenarios<br>Parameters: "User is able to navigate Data Structures Introduction", "Optional[Evaluate Data stuructures Introduction]"</td>
<td><div><pre>org.openqa.selenium.ElementNotInteractableException: element not interactable
  (Session info: chrome=113.0.5672.93)
Build info: version: &apos;4.9.0&apos;, revision: &apos;d7057100a6&apos;
System info: os.name: &apos;Windows 11&apos;, os.arch: &apos;amd64&apos;, os.version: &apos;10.0&apos;, java.version: &apos;20.0.1&apos;
Driver info: org.openqa.selenium.chrome.ChromeDriver
Command: [3068c2da2dbe360a63ab18fd95996fd9, sendKeysToElement {id=8D74B9896CCC3ED00DDA7D9279447D3A_element_210, value=[Ljava.lang.CharSequence;@2d705998}]
Capabilities {acceptInsecureCerts: false, browserName: chrome, browserVersion: 113.0.5672.93, chrome: {chromedriverVersion: 113.0.5672.63 (0e1a4471d5ae..., userDataDir: C:\Users\kiran\AppData\Loca...}, goog:chromeOptions: {debuggerAddress: localhost:60280}, networkConnectionEnabled: false, pageLoadStrategy: normal, platformName: WINDOWS, proxy: Proxy(), se:cdp: ws://localhost:60280/devtoo..., se:cdpVersion: 113.0.5672.93, setWindowRect: true, strictFileInteractability: false, timeouts: {implicit: 0, pageLoad: 300000, script: 30000}, unhandledPromptBehavior: dismiss and notify, webauthn:extension:credBlob: true, webauthn:extension:largeBlob: true, webauthn:extension:minPinLength: true, webauthn:extension:prf: true, webauthn:virtualAuthenticators: true}
Element: [[ChromeDriver: chrome on WINDOWS (3068c2da2dbe360a63ab18fd95996fd9)] -&gt; xpath: //form[@id=&apos;answer_form&apos;]/div/div/div/textarea]
Session ID: 3068c2da2dbe360a63ab18fd95996fd9
	at org.openqa.selenium.remote.codec.w3c.W3CHttpResponseCodec.createException(W3CHttpResponseCodec.java:200)
	at org.openqa.selenium.remote.codec.w3c.W3CHttpResponseCodec.decode(W3CHttpResponseCodec.java:133)
	at org.openqa.selenium.remote.codec.w3c.W3CHttpResponseCodec.decode(W3CHttpResponseCodec.java:53)
	at org.openqa.selenium.remote.HttpCommandExecutor.execute(HttpCommandExecutor.java:193)
	at org.openqa.selenium.remote.service.DriverCommandExecutor.invokeExecute(DriverCommandExecutor.java:183)
	at org.openqa.selenium.remote.service.DriverCommandExecutor.execute(DriverCommandExecutor.java:158)
	at org.openqa.selenium.remote.RemoteWebDriver.execute(RemoteWebDriver.java:543)
	at org.openqa.selenium.remote.RemoteWebElement.execute(RemoteWebElement.java:257)
	at org.openqa.selenium.remote.RemoteWebElement.sendKeys(RemoteWebElement.java:113)
	at org.openqa.selenium.support.pagefactory.internal.LocatingElementHandler.invoke(LocatingElementHandler.java:52)
	at jdk.proxy2/jdk.proxy2.$Proxy46.sendKeys(Unknown Source)
	at pageObjects.ArraysPage.Txtarea(ArraysPage.java:73)
	at stepdefinitions.ArraysSteps.the_user_enter_valid_python_code_in_try_editor_from_sheet_and(ArraysSteps.java:77)
	at ✽.The user enter valid python code in tryEditor from sheet &quot;Sheet1&quot; and 0(file:///C:/Users/kiran/eclipse-workspace/DsAlgo_Project/src/test/resources/features/5Datastructures.feature:10)
... Removed 5 stack frames</pre></div><a href='#' onClick='toggleBox("stack-trace1285879650", this, "Click to show all stack frames", "Click to hide stack frames")'>Click to show all stack frames</a>
<div class='stack-trace' id='stack-trace1285879650'><pre>org.openqa.selenium.ElementNotInteractableException: element not interactable
  (Session info: chrome=113.0.5672.93)
Build info: version: &apos;4.9.0&apos;, revision: &apos;d7057100a6&apos;
System info: os.name: &apos;Windows 11&apos;, os.arch: &apos;amd64&apos;, os.version: &apos;10.0&apos;, java.version: &apos;20.0.1&apos;
Driver info: org.openqa.selenium.chrome.ChromeDriver
Command: [3068c2da2dbe360a63ab18fd95996fd9, sendKeysToElement {id=8D74B9896CCC3ED00DDA7D9279447D3A_element_210, value=[Ljava.lang.CharSequence;@2d705998}]
Capabilities {acceptInsecureCerts: false, browserName: chrome, browserVersion: 113.0.5672.93, chrome: {chromedriverVersion: 113.0.5672.63 (0e1a4471d5ae..., userDataDir: C:\Users\kiran\AppData\Loca...}, goog:chromeOptions: {debuggerAddress: localhost:60280}, networkConnectionEnabled: false, pageLoadStrategy: normal, platformName: WINDOWS, proxy: Proxy(), se:cdp: ws://localhost:60280/devtoo..., se:cdpVersion: 113.0.5672.93, setWindowRect: true, strictFileInteractability: false, timeouts: {implicit: 0, pageLoad: 300000, script: 30000}, unhandledPromptBehavior: dismiss and notify, webauthn:extension:credBlob: true, webauthn:extension:largeBlob: true, webauthn:extension:minPinLength: true, webauthn:extension:prf: true, webauthn:virtualAuthenticators: true}
Element: [[ChromeDriver: chrome on WINDOWS (3068c2da2dbe360a63ab18fd95996fd9)] -&gt; xpath: //form[@id=&apos;answer_form&apos;]/div/div/div/textarea]
Session ID: 3068c2da2dbe360a63ab18fd95996fd9
	at java.base/jdk.internal.reflect.DirectConstructorHandleAccessor.newInstance(DirectConstructorHandleAccessor.java:67)
	at java.base/java.lang.reflect.Constructor.newInstanceWithCaller(Constructor.java:500)
	at java.base/java.lang.reflect.Constructor.newInstance(Constructor.java:484)
	at org.openqa.selenium.remote.codec.w3c.W3CHttpResponseCodec.createException(W3CHttpResponseCodec.java:200)
	at org.openqa.selenium.remote.codec.w3c.W3CHttpResponseCodec.decode(W3CHttpResponseCodec.java:133)
	at org.openqa.selenium.remote.codec.w3c.W3CHttpResponseCodec.decode(W3CHttpResponseCodec.java:53)
	at org.openqa.selenium.remote.HttpCommandExecutor.execute(HttpCommandExecutor.java:193)
	at org.openqa.selenium.remote.service.DriverCommandExecutor.invokeExecute(DriverCommandExecutor.java:183)
	at org.openqa.selenium.remote.service.DriverCommandExecutor.execute(DriverCommandExecutor.java:158)
	at org.openqa.selenium.remote.RemoteWebDriver.execute(RemoteWebDriver.java:543)
	at org.openqa.selenium.remote.RemoteWebElement.execute(RemoteWebElement.java:257)
	at org.openqa.selenium.remote.RemoteWebElement.sendKeys(RemoteWebElement.java:113)
	at java.base/jdk.internal.reflect.DirectMethodHandleAccessor.invoke(DirectMethodHandleAccessor.java:104)
	at java.base/java.lang.reflect.Method.invoke(Method.java:578)
	at org.openqa.selenium.support.pagefactory.internal.LocatingElementHandler.invoke(LocatingElementHandler.java:52)
	at jdk.proxy2/jdk.proxy2.$Proxy46.sendKeys(Unknown Source)
	at pageObjects.ArraysPage.Txtarea(ArraysPage.java:73)
	at stepdefinitions.ArraysSteps.the_user_enter_valid_python_code_in_try_editor_from_sheet_and(ArraysSteps.java:77)
	at ✽.The user enter valid python code in tryEditor from sheet &quot;Sheet1&quot; and 0(file:///C:/Users/kiran/eclipse-workspace/DsAlgo_Project/src/test/resources/features/5Datastructures.feature:10)
</pre></div></td>
<td>6</td>
<td>testRunner.TestNGRunner@69c81773</td></tr>
<tr>
<td title='testRunner.TestNGRunner.runScenario()'><b>runScenario</b><br>Test class: testRunner.TestNGRunner<br>Test method: Runs Cucumber Scenarios<br>Parameters: "User is able to navigate to practice questions", "Optional[Evaluate Data stuructures Introduction]"</td>
<td><div><pre>org.openqa.selenium.NoSuchElementException: no such element: Unable to locate element: {&quot;method&quot;:&quot;link text&quot;,&quot;selector&quot;:&quot;Practice Questions&quot;}
  (Session info: chrome=113.0.5672.93)
For documentation on this error, please visit: https://selenium.dev/exceptions/#no_such_element
Build info: version: &apos;4.9.0&apos;, revision: &apos;d7057100a6&apos;
System info: os.name: &apos;Windows 11&apos;, os.arch: &apos;amd64&apos;, os.version: &apos;10.0&apos;, java.version: &apos;20.0.1&apos;
Driver info: org.openqa.selenium.chrome.ChromeDriver
Command: [3068c2da2dbe360a63ab18fd95996fd9, findElement {using=link text, value=Practice Questions}]
Capabilities {acceptInsecureCerts: false, browserName: chrome, browserVersion: 113.0.5672.93, chrome: {chromedriverVersion: 113.0.5672.63 (0e1a4471d5ae..., userDataDir: C:\Users\kiran\AppData\Loca...}, goog:chromeOptions: {debuggerAddress: localhost:60280}, networkConnectionEnabled: false, pageLoadStrategy: normal, platformName: WINDOWS, proxy: Proxy(), se:cdp: ws://localhost:60280/devtoo..., se:cdpVersion: 113.0.5672.93, setWindowRect: true, strictFileInteractability: false, timeouts: {implicit: 0, pageLoad: 300000, script: 30000}, unhandledPromptBehavior: dismiss and notify, webauthn:extension:credBlob: true, webauthn:extension:largeBlob: true, webauthn:extension:minPinLength: true, webauthn:extension:prf: true, webauthn:virtualAuthenticators: true}
Session ID: 3068c2da2dbe360a63ab18fd95996fd9
	at org.openqa.selenium.remote.codec.w3c.W3CHttpResponseCodec.createException(W3CHttpResponseCodec.java:200)
	at org.openqa.selenium.remote.codec.w3c.W3CHttpResponseCodec.decode(W3CHttpResponseCodec.java:133)
	at org.openqa.selenium.remote.codec.w3c.W3CHttpResponseCodec.decode(W3CHttpResponseCodec.java:53)
	at org.openqa.selenium.remote.HttpCommandExecutor.execute(HttpCommandExecutor.java:193)
	at org.openqa.selenium.remote.service.DriverCommandExecutor.invokeExecute(DriverCommandExecutor.java:183)
	at org.openqa.selenium.remote.service.DriverCommandExecutor.execute(DriverCommandExecutor.java:158)
	at org.openqa.selenium.remote.RemoteWebDriver.execute(RemoteWebDriver.java:543)
	at org.openqa.selenium.remote.ElementLocation$ElementFinder$2.findElement(ElementLocation.java:162)
	at org.openqa.selenium.remote.ElementLocation.findElement(ElementLocation.java:60)
	at org.openqa.selenium.remote.RemoteWebDriver.findElement(RemoteWebDriver.java:352)
	at org.openqa.selenium.remote.RemoteWebDriver.findElement(RemoteWebDriver.java:344)
	at org.openqa.selenium.support.pagefactory.DefaultElementLocator.findElement(DefaultElementLocator.java:70)
	at org.openqa.selenium.support.pagefactory.internal.LocatingElementHandler.invoke(LocatingElementHandler.java:39)
	at jdk.proxy2/jdk.proxy2.$Proxy46.click(Unknown Source)
	at pageObjects.DatastructurePage.practicequestions(DatastructurePage.java:59)
	at stepdefinitions.DatastructureSteps.user_click_on_practice_questons(DatastructureSteps.java:27)
	at ✽.User click on practice questons(file:///C:/Users/kiran/eclipse-workspace/DsAlgo_Project/src/test/resources/features/5Datastructures.feature:29)
... Removed 3 stack frames</pre></div><a href='#' onClick='toggleBox("stack-trace128846374", this, "Click to show all stack frames", "Click to hide stack frames")'>Click to show all stack frames</a>
<div class='stack-trace' id='stack-trace128846374'><pre>org.openqa.selenium.NoSuchElementException: no such element: Unable to locate element: {&quot;method&quot;:&quot;link text&quot;,&quot;selector&quot;:&quot;Practice Questions&quot;}
  (Session info: chrome=113.0.5672.93)
For documentation on this error, please visit: https://selenium.dev/exceptions/#no_such_element
Build info: version: &apos;4.9.0&apos;, revision: &apos;d7057100a6&apos;
System info: os.name: &apos;Windows 11&apos;, os.arch: &apos;amd64&apos;, os.version: &apos;10.0&apos;, java.version: &apos;20.0.1&apos;
Driver info: org.openqa.selenium.chrome.ChromeDriver
Command: [3068c2da2dbe360a63ab18fd95996fd9, findElement {using=link text, value=Practice Questions}]
Capabilities {acceptInsecureCerts: false, browserName: chrome, browserVersion: 113.0.5672.93, chrome: {chromedriverVersion: 113.0.5672.63 (0e1a4471d5ae..., userDataDir: C:\Users\kiran\AppData\Loca...}, goog:chromeOptions: {debuggerAddress: localhost:60280}, networkConnectionEnabled: false, pageLoadStrategy: normal, platformName: WINDOWS, proxy: Proxy(), se:cdp: ws://localhost:60280/devtoo..., se:cdpVersion: 113.0.5672.93, setWindowRect: true, strictFileInteractability: false, timeouts: {implicit: 0, pageLoad: 300000, script: 30000}, unhandledPromptBehavior: dismiss and notify, webauthn:extension:credBlob: true, webauthn:extension:largeBlob: true, webauthn:extension:minPinLength: true, webauthn:extension:prf: true, webauthn:virtualAuthenticators: true}
Session ID: 3068c2da2dbe360a63ab18fd95996fd9
	at java.base/jdk.internal.reflect.DirectConstructorHandleAccessor.newInstance(DirectConstructorHandleAccessor.java:67)
	at java.base/java.lang.reflect.Constructor.newInstanceWithCaller(Constructor.java:500)
	at java.base/java.lang.reflect.Constructor.newInstance(Constructor.java:484)
	at org.openqa.selenium.remote.codec.w3c.W3CHttpResponseCodec.createException(W3CHttpResponseCodec.java:200)
	at org.openqa.selenium.remote.codec.w3c.W3CHttpResponseCodec.decode(W3CHttpResponseCodec.java:133)
	at org.openqa.selenium.remote.codec.w3c.W3CHttpResponseCodec.decode(W3CHttpResponseCodec.java:53)
	at org.openqa.selenium.remote.HttpCommandExecutor.execute(HttpCommandExecutor.java:193)
	at org.openqa.selenium.remote.service.DriverCommandExecutor.invokeExecute(DriverCommandExecutor.java:183)
	at org.openqa.selenium.remote.service.DriverCommandExecutor.execute(DriverCommandExecutor.java:158)
	at org.openqa.selenium.remote.RemoteWebDriver.execute(RemoteWebDriver.java:543)
	at org.openqa.selenium.remote.ElementLocation$ElementFinder$2.findElement(ElementLocation.java:162)
	at org.openqa.selenium.remote.ElementLocation.findElement(ElementLocation.java:60)
	at org.openqa.selenium.remote.RemoteWebDriver.findElement(RemoteWebDriver.java:352)
	at org.openqa.selenium.remote.RemoteWebDriver.findElement(RemoteWebDriver.java:344)
	at org.openqa.selenium.support.pagefactory.DefaultElementLocator.findElement(DefaultElementLocator.java:70)
	at org.openqa.selenium.support.pagefactory.internal.LocatingElementHandler.invoke(LocatingElementHandler.java:39)
	at jdk.proxy2/jdk.proxy2.$Proxy46.click(Unknown Source)
	at pageObjects.DatastructurePage.practicequestions(DatastructurePage.java:59)
	at stepdefinitions.DatastructureSteps.user_click_on_practice_questons(DatastructureSteps.java:27)
	at ✽.User click on practice questons(file:///C:/Users/kiran/eclipse-workspace/DsAlgo_Project/src/test/resources/features/5Datastructures.feature:29)
</pre></div></td>
<td>5</td>
<td>testRunner.TestNGRunner@69c81773</td></tr>
<tr>
<td title='testRunner.TestNGRunner.runScenario()'><b>runScenario</b><br>Test class: testRunner.TestNGRunner<br>Test method: Runs Cucumber Scenarios<br>Parameters: "User is able to navigate to tryeditor page and run invalid python code", "Optional[Evaluate Data stuructures Introduction]"</td>
<td><div><pre>org.openqa.selenium.NoSuchElementException: no such element: Unable to locate element: {&quot;method&quot;:&quot;xpath&quot;,&quot;selector&quot;:&quot;//a[text()=&apos;Try here&gt;&gt;&gt;&apos;]&quot;}
  (Session info: chrome=113.0.5672.93)
For documentation on this error, please visit: https://selenium.dev/exceptions/#no_such_element
Build info: version: &apos;4.9.0&apos;, revision: &apos;d7057100a6&apos;
System info: os.name: &apos;Windows 11&apos;, os.arch: &apos;amd64&apos;, os.version: &apos;10.0&apos;, java.version: &apos;20.0.1&apos;
Driver info: org.openqa.selenium.chrome.ChromeDriver
Command: [3068c2da2dbe360a63ab18fd95996fd9, findElement {using=xpath, value=//a[text()=&apos;Try here&gt;&gt;&gt;&apos;]}]
Capabilities {acceptInsecureCerts: false, browserName: chrome, browserVersion: 113.0.5672.93, chrome: {chromedriverVersion: 113.0.5672.63 (0e1a4471d5ae..., userDataDir: C:\Users\kiran\AppData\Loca...}, goog:chromeOptions: {debuggerAddress: localhost:60280}, networkConnectionEnabled: false, pageLoadStrategy: normal, platformName: WINDOWS, proxy: Proxy(), se:cdp: ws://localhost:60280/devtoo..., se:cdpVersion: 113.0.5672.93, setWindowRect: true, strictFileInteractability: false, timeouts: {implicit: 0, pageLoad: 300000, script: 30000}, unhandledPromptBehavior: dismiss and notify, webauthn:extension:credBlob: true, webauthn:extension:largeBlob: true, webauthn:extension:minPinLength: true, webauthn:extension:prf: true, webauthn:virtualAuthenticators: true}
Session ID: 3068c2da2dbe360a63ab18fd95996fd9
	at org.openqa.selenium.remote.codec.w3c.W3CHttpResponseCodec.createException(W3CHttpResponseCodec.java:200)
	at org.openqa.selenium.remote.codec.w3c.W3CHttpResponseCodec.decode(W3CHttpResponseCodec.java:133)
	at org.openqa.selenium.remote.codec.w3c.W3CHttpResponseCodec.decode(W3CHttpResponseCodec.java:53)
	at org.openqa.selenium.remote.HttpCommandExecutor.execute(HttpCommandExecutor.java:193)
	at org.openqa.selenium.remote.service.DriverCommandExecutor.invokeExecute(DriverCommandExecutor.java:183)
	at org.openqa.selenium.remote.service.DriverCommandExecutor.execute(DriverCommandExecutor.java:158)
	at org.openqa.selenium.remote.RemoteWebDriver.execute(RemoteWebDriver.java:543)
	at org.openqa.selenium.remote.ElementLocation$ElementFinder$2.findElement(ElementLocation.java:162)
	at org.openqa.selenium.remote.ElementLocation.findElement(ElementLocation.java:60)
	at org.openqa.selenium.remote.RemoteWebDriver.findElement(RemoteWebDriver.java:352)
	at org.openqa.selenium.remote.RemoteWebDriver.findElement(RemoteWebDriver.java:344)
	at org.openqa.selenium.support.pagefactory.DefaultElementLocator.findElement(DefaultElementLocator.java:70)
	at org.openqa.selenium.support.pagefactory.internal.LocatingElementHandler.invoke(LocatingElementHandler.java:39)
	at jdk.proxy2/jdk.proxy2.$Proxy46.click(Unknown Source)
	at pageObjects.ArraysPage.TryHere(ArraysPage.java:68)
	at stepdefinitions.ArraysSteps.click_try_here_button_and_navigate_to_try_edidor_page(ArraysSteps.java:133)
	at ✽.click Try here button and navigate to try edidor page(file:///C:/Users/kiran/eclipse-workspace/DsAlgo_Project/src/test/resources/features/5Datastructures.feature:19)
... Removed 3 stack frames</pre></div><a href='#' onClick='toggleBox("stack-trace1464984894", this, "Click to show all stack frames", "Click to hide stack frames")'>Click to show all stack frames</a>
<div class='stack-trace' id='stack-trace1464984894'><pre>org.openqa.selenium.NoSuchElementException: no such element: Unable to locate element: {&quot;method&quot;:&quot;xpath&quot;,&quot;selector&quot;:&quot;//a[text()=&apos;Try here&gt;&gt;&gt;&apos;]&quot;}
  (Session info: chrome=113.0.5672.93)
For documentation on this error, please visit: https://selenium.dev/exceptions/#no_such_element
Build info: version: &apos;4.9.0&apos;, revision: &apos;d7057100a6&apos;
System info: os.name: &apos;Windows 11&apos;, os.arch: &apos;amd64&apos;, os.version: &apos;10.0&apos;, java.version: &apos;20.0.1&apos;
Driver info: org.openqa.selenium.chrome.ChromeDriver
Command: [3068c2da2dbe360a63ab18fd95996fd9, findElement {using=xpath, value=//a[text()=&apos;Try here&gt;&gt;&gt;&apos;]}]
Capabilities {acceptInsecureCerts: false, browserName: chrome, browserVersion: 113.0.5672.93, chrome: {chromedriverVersion: 113.0.5672.63 (0e1a4471d5ae..., userDataDir: C:\Users\kiran\AppData\Loca...}, goog:chromeOptions: {debuggerAddress: localhost:60280}, networkConnectionEnabled: false, pageLoadStrategy: normal, platformName: WINDOWS, proxy: Proxy(), se:cdp: ws://localhost:60280/devtoo..., se:cdpVersion: 113.0.5672.93, setWindowRect: true, strictFileInteractability: false, timeouts: {implicit: 0, pageLoad: 300000, script: 30000}, unhandledPromptBehavior: dismiss and notify, webauthn:extension:credBlob: true, webauthn:extension:largeBlob: true, webauthn:extension:minPinLength: true, webauthn:extension:prf: true, webauthn:virtualAuthenticators: true}
Session ID: 3068c2da2dbe360a63ab18fd95996fd9
	at java.base/jdk.internal.reflect.DirectConstructorHandleAccessor.newInstance(DirectConstructorHandleAccessor.java:67)
	at java.base/java.lang.reflect.Constructor.newInstanceWithCaller(Constructor.java:500)
	at java.base/java.lang.reflect.Constructor.newInstance(Constructor.java:484)
	at org.openqa.selenium.remote.codec.w3c.W3CHttpResponseCodec.createException(W3CHttpResponseCodec.java:200)
	at org.openqa.selenium.remote.codec.w3c.W3CHttpResponseCodec.decode(W3CHttpResponseCodec.java:133)
	at org.openqa.selenium.remote.codec.w3c.W3CHttpResponseCodec.decode(W3CHttpResponseCodec.java:53)
	at org.openqa.selenium.remote.HttpCommandExecutor.execute(HttpCommandExecutor.java:193)
	at org.openqa.selenium.remote.service.DriverCommandExecutor.invokeExecute(DriverCommandExecutor.java:183)
	at org.openqa.selenium.remote.service.DriverCommandExecutor.execute(DriverCommandExecutor.java:158)
	at org.openqa.selenium.remote.RemoteWebDriver.execute(RemoteWebDriver.java:543)
	at org.openqa.selenium.remote.ElementLocation$ElementFinder$2.findElement(ElementLocation.java:162)
	at org.openqa.selenium.remote.ElementLocation.findElement(ElementLocation.java:60)
	at org.openqa.selenium.remote.RemoteWebDriver.findElement(RemoteWebDriver.java:352)
	at org.openqa.selenium.remote.RemoteWebDriver.findElement(RemoteWebDriver.java:344)
	at org.openqa.selenium.support.pagefactory.DefaultElementLocator.findElement(DefaultElementLocator.java:70)
	at org.openqa.selenium.support.pagefactory.internal.LocatingElementHandler.invoke(LocatingElementHandler.java:39)
	at jdk.proxy2/jdk.proxy2.$Proxy46.click(Unknown Source)
	at pageObjects.ArraysPage.TryHere(ArraysPage.java:68)
	at stepdefinitions.ArraysSteps.click_try_here_button_and_navigate_to_try_edidor_page(ArraysSteps.java:133)
	at ✽.click Try here button and navigate to try edidor page(file:///C:/Users/kiran/eclipse-workspace/DsAlgo_Project/src/test/resources/features/5Datastructures.feature:19)
</pre></div></td>
<td>5</td>
<td>testRunner.TestNGRunner@69c81773</td></tr>
</table><p>
<table width='100%' border='1' class='invocation-passed'>
<tr><td colspan='4' align='center'><b>PASSED TESTS</b></td></tr>
<tr><td><b>Test method</b></td>
<td width="30%"><b>Exception</b></td>
<td width="10%"><b>Time (seconds)</b></td>
<td><b>Instance</b></td>
</tr>
<tr>
<td title='testRunner.TestNGRunner.runScenario()'><b>runScenario</b><br>Test class: testRunner.TestNGRunner<br>Test method: Runs Cucumber Scenarios<br>Parameters: "User Navigating to LinkedList Page", "Optional[Evaluate Linkedlist Module]"</td>
<td></td>
<td>1</td>
<td>testRunner.TestNGRunner@69c81773</td></tr>
<tr>
<td title='testRunner.TestNGRunner.runScenario()'><b>runScenario</b><br>Test class: testRunner.TestNGRunner<br>Test method: Runs Cucumber Scenarios<br>Parameters: "User navigate to home page", "Optional[evaluate home page]"</td>
<td></td>
<td>0</td>
<td>testRunner.TestNGRunner@69c81773</td></tr>
<tr>
<td title='testRunner.TestNGRunner.runScenario()'><b>runScenario</b><br>Test class: testRunner.TestNGRunner<br>Test method: Runs Cucumber Scenarios<br>Parameters: "User on login page and login with inavalid and validinputs from Excel"Sheet1" and2", "Optional[User enter valid and invalid credentials for login]"</td>
<td></td>
<td>0</td>
<td>testRunner.TestNGRunner@69c81773</td></tr>
<tr>
<td title='testRunner.TestNGRunner.runScenario()'><b>runScenario</b><br>Test class: testRunner.TestNGRunner<br>Test method: Runs Cucumber Scenarios<br>Parameters: "User is able to navigate to tryeditor page and run invalid python code", "Optional[Evaluate arrays module]"</td>
<td></td>
<td>0</td>
<td>testRunner.TestNGRunner@69c81773</td></tr>
<tr>
<td title='testRunner.TestNGRunner.runScenario()'><b>runScenario</b><br>Test class: testRunner.TestNGRunner<br>Test method: Runs Cucumber Scenarios<br>Parameters: "User is able to navigate to tryeditor page and run invalid python code", "Optional[Evaluate arrays module]"</td>
<td></td>
<td>0</td>
<td>testRunner.TestNGRunner@69c81773</td></tr>
<tr>
<td title='testRunner.TestNGRunner.runScenario()'><b>runScenario</b><br>Test class: testRunner.TestNGRunner<br>Test method: Runs Cucumber Scenarios<br>Parameters: "User navigating to Deletion of Linked list page", "Optional[Evaluate Linkedlist Module]"</td>
<td></td>
<td>0</td>
<td>testRunner.TestNGRunner@69c81773</td></tr>
<tr>
<td title='testRunner.TestNGRunner.runScenario()'><b>runScenario</b><br>Test class: testRunner.TestNGRunner<br>Test method: Runs Cucumber Scenarios<br>Parameters: "User is able to navigate to tryeditor page and run valid python code", "Optional[Evaluate arrays module]"</td>
<td></td>
<td>0</td>
<td>testRunner.TestNGRunner@69c81773</td></tr>
<tr>
<td title='testRunner.TestNGRunner.runScenario()'><b>runScenario</b><br>Test class: testRunner.TestNGRunner<br>Test method: Runs Cucumber Scenarios<br>Parameters: "user navigate to registration page", "Optional[feature to test new user registration]"</td>
<td></td>
<td>0</td>
<td>testRunner.TestNGRunner@69c81773</td></tr>
<tr>
<td title='testRunner.TestNGRunner.runScenario()'><b>runScenario</b><br>Test class: testRunner.TestNGRunner<br>Test method: Runs Cucumber Scenarios<br>Parameters: "User navigating to Implement Linked list page", "Optional[Evaluate Linkedlist Module]"</td>
<td></td>
<td>0</td>
<td>testRunner.TestNGRunner@69c81773</td></tr>
<tr>
<td title='testRunner.TestNGRunner.runScenario()'><b>runScenario</b><br>Test class: testRunner.TestNGRunner<br>Test method: Runs Cucumber Scenarios<br>Parameters: "user navigate to registration page", "Optional[feature to test new user registration]"</td>
<td></td>
<td>0</td>
<td>testRunner.TestNGRunner@69c81773</td></tr>
<tr>
<td title='testRunner.TestNGRunner.runScenario()'><b>runScenario</b><br>Test class: testRunner.TestNGRunner<br>Test method: Runs Cucumber Scenarios<br>Parameters: "User is able to navigate to tryeditor page and run valid python code", "Optional[Evaluate arrays module]"</td>
<td></td>
<td>0</td>
<td>testRunner.TestNGRunner@69c81773</td></tr>
<tr>
<td title='testRunner.TestNGRunner.runScenario()'><b>runScenario</b><br>Test class: testRunner.TestNGRunner<br>Test method: Runs Cucumber Scenarios<br>Parameters: "user navigating to Introduction of LinkedlistPage and using Data from Excel to evaluate", "Optional[Evaluate Linkedlist Module]"</td>
<td></td>
<td>0</td>
<td>testRunner.TestNGRunner@69c81773</td></tr>
<tr>
<td title='testRunner.TestNGRunner.runScenario()'><b>runScenario</b><br>Test class: testRunner.TestNGRunner<br>Test method: Runs Cucumber Scenarios<br>Parameters: "User is able to navigate to tryeditor page and run valid python code", "Optional[Evaluate arrays module]"</td>
<td></td>
<td>0</td>
<td>testRunner.TestNGRunner@69c81773</td></tr>
<tr>
<td title='testRunner.TestNGRunner.runScenario()'><b>runScenario</b><br>Test class: testRunner.TestNGRunner<br>Test method: Runs Cucumber Scenarios<br>Parameters: "User on login page and login with inavalid and validinputs from Excel"Sheet1" and1", "Optional[User enter valid and invalid credentials for login]"</td>
<td></td>
<td>1</td>
<td>testRunner.TestNGRunner@69c81773</td></tr>
<tr>
<td title='testRunner.TestNGRunner.runScenario()'><b>runScenario</b><br>Test class: testRunner.TestNGRunner<br>Test method: Runs Cucumber Scenarios<br>Parameters: "The user is able to navigate to a page having Arrays in Python Topic", "Optional[Evaluate arrays module]"</td>
<td></td>
<td>3</td>
<td>testRunner.TestNGRunner@69c81773</td></tr>
<tr>
<td title='testRunner.TestNGRunner.runScenario()'><b>runScenario</b><br>Test class: testRunner.TestNGRunner<br>Test method: Runs Cucumber Scenarios<br>Parameters: "User is able to navigate to tryeditor page and run invalid python code", "Optional[Evaluate arrays module]"</td>
<td></td>
<td>0</td>
<td>testRunner.TestNGRunner@69c81773</td></tr>
<tr>
<td title='testRunner.TestNGRunner.runScenario()'><b>runScenario</b><br>Test class: testRunner.TestNGRunner<br>Test method: Runs Cucumber Scenarios<br>Parameters: "User is able to navigate to tryeditor page and run valid python code", "Optional[Evaluate arrays module]"</td>
<td></td>
<td>0</td>
<td>testRunner.TestNGRunner@69c81773</td></tr>
<tr>
<td title='testRunner.TestNGRunner.runScenario()'><b>runScenario</b><br>Test class: testRunner.TestNGRunner<br>Test method: Runs Cucumber Scenarios<br>Parameters: "Launch url and navigate to home page", "Optional[evaluate home page]"</td>
<td></td>
<td>0</td>
<td>testRunner.TestNGRunner@69c81773</td></tr>
<tr>
<td title='testRunner.TestNGRunner.runScenario()'><b>runScenario</b><br>Test class: testRunner.TestNGRunner<br>Test method: Runs Cucumber Scenarios<br>Parameters: "User is able to navigate to tryeditor page and run invalid python code", "Optional[Evaluate arrays module]"</td>
<td></td>
<td>0</td>
<td>testRunner.TestNGRunner@69c81773</td></tr>
<tr>
<td title='testRunner.TestNGRunner.runScenario()'><b>runScenario</b><br>Test class: testRunner.TestNGRunner<br>Test method: Runs Cucumber Scenarios<br>Parameters: "user navigate to registration page", "Optional[feature to test new user registration]"</td>
<td></td>
<td>0</td>
<td>testRunner.TestNGRunner@69c81773</td></tr>
<tr>
<td title='testRunner.TestNGRunner.runScenario()'><b>runScenario</b><br>Test class: testRunner.TestNGRunner<br>Test method: Runs Cucumber Scenarios<br>Parameters: "User navigating to Traversal of Linked list page", "Optional[Evaluate Linkedlist Module]"</td>
<td></td>
<td>0</td>
<td>testRunner.TestNGRunner@69c81773</td></tr>
<tr>
<td title='testRunner.TestNGRunner.runScenario()'><b>runScenario</b><br>Test class: testRunner.TestNGRunner<br>Test method: Runs Cucumber Scenarios<br>Parameters: "user navigate to registration page", "Optional[feature to test new user registration]"</td>
<td></td>
<td>0</td>
<td>testRunner.TestNGRunner@69c81773</td></tr>
<tr>
<td title='testRunner.TestNGRunner.runScenario()'><b>runScenario</b><br>Test class: testRunner.TestNGRunner<br>Test method: Runs Cucumber Scenarios<br>Parameters: "user navigating to Introduction of LinkedlistPage and using Data from Excel to evaluate", "Optional[Evaluate Linkedlist Module]"</td>
<td></td>
<td>0</td>
<td>testRunner.TestNGRunner@69c81773</td></tr>
<tr>
<td title='testRunner.TestNGRunner.runScenario()'><b>runScenario</b><br>Test class: testRunner.TestNGRunner<br>Test method: Runs Cucumber Scenarios<br>Parameters: "User navigating to Traversal of Linked list page", "Optional[Evaluate Linkedlist Module]"</td>
<td></td>
<td>0</td>
<td>testRunner.TestNGRunner@69c81773</td></tr>
<tr>
<td title='testRunner.TestNGRunner.runScenario()'><b>runScenario</b><br>Test class: testRunner.TestNGRunner<br>Test method: Runs Cucumber Scenarios<br>Parameters: "user navigate to registration page", "Optional[feature to test new user registration]"</td>
<td></td>
<td>0</td>
<td>testRunner.TestNGRunner@69c81773</td></tr>
<tr>
<td title='testRunner.TestNGRunner.runScenario()'><b>runScenario</b><br>Test class: testRunner.TestNGRunner<br>Test method: Runs Cucumber Scenarios<br>Parameters: "User is able to navigate to tryeditor page and run valid python code", "Optional[Evaluate arrays module]"</td>
<td></td>
<td>1</td>
<td>testRunner.TestNGRunner@69c81773</td></tr>
<tr>
<td title='testRunner.TestNGRunner.runScenario()'><b>runScenario</b><br>Test class: testRunner.TestNGRunner<br>Test method: Runs Cucumber Scenarios<br>Parameters: "User is able to navigate to tryeditor page and run valid python code", "Optional[Evaluate arrays module]"</td>
<td></td>
<td>0</td>
<td>testRunner.TestNGRunner@69c81773</td></tr>
<tr>
<td title='testRunner.TestNGRunner.runScenario()'><b>runScenario</b><br>Test class: testRunner.TestNGRunner<br>Test method: Runs Cucumber Scenarios<br>Parameters: "user navigate to registration page", "Optional[feature to test new user registration]"</td>
<td></td>
<td>0</td>
<td>testRunner.TestNGRunner@69c81773</td></tr>
<tr>
<td title='testRunner.TestNGRunner.runScenario()'><b>runScenario</b><br>Test class: testRunner.TestNGRunner<br>Test method: Runs Cucumber Scenarios<br>Parameters: "Launch url and navigate to home page", "Optional[feature to test ds algo portal link]"</td>
<td></td>
<td>0</td>
<td>testRunner.TestNGRunner@69c81773</td></tr>
<tr>
<td title='testRunner.TestNGRunner.runScenario()'><b>runScenario</b><br>Test class: testRunner.TestNGRunner<br>Test method: Runs Cucumber Scenarios<br>Parameters: "User on login page and login with inavalid and validinputs from Excel"Sheet1" and3", "Optional[User enter valid and invalid credentials for login]"</td>
<td></td>
<td>0</td>
<td>testRunner.TestNGRunner@69c81773</td></tr>
<tr>
<td title='testRunner.TestNGRunner.runScenario()'><b>runScenario</b><br>Test class: testRunner.TestNGRunner<br>Test method: Runs Cucumber Scenarios<br>Parameters: "User is Logged in to DSAlgo portal", "Optional[Evaluate Linkedlist Module]"</td>
<td></td>
<td>0</td>
<td>testRunner.TestNGRunner@69c81773</td></tr>
<tr>
<td title='testRunner.TestNGRunner.runScenario()'><b>runScenario</b><br>Test class: testRunner.TestNGRunner<br>Test method: Runs Cucumber Scenarios<br>Parameters: "User navigating to Insertion of Linked list page", "Optional[Evaluate Linkedlist Module]"</td>
<td></td>
<td>0</td>
<td>testRunner.TestNGRunner@69c81773</td></tr>
<tr>
<td title='testRunner.TestNGRunner.runScenario()'><b>runScenario</b><br>Test class: testRunner.TestNGRunner<br>Test method: Runs Cucumber Scenarios<br>Parameters: "User navigating to Insertion of Linked list page", "Optional[Evaluate Linkedlist Module]"</td>
<td></td>
<td>0</td>
<td>testRunner.TestNGRunner@69c81773</td></tr>
<tr>
<td title='testRunner.TestNGRunner.runScenario()'><b>runScenario</b><br>Test class: testRunner.TestNGRunner<br>Test method: Runs Cucumber Scenarios<br>Parameters: "User navigating to Creating a Linked list page", "Optional[Evaluate Linkedlist Module]"</td>
<td></td>
<td>0</td>
<td>testRunner.TestNGRunner@69c81773</td></tr>
<tr>
<td title='testRunner.TestNGRunner.runScenario()'><b>runScenario</b><br>Test class: testRunner.TestNGRunner<br>Test method: Runs Cucumber Scenarios<br>Parameters: "User is able to navigate to tryeditor page and run invalid python code", "Optional[Evaluate arrays module]"</td>
<td></td>
<td>0</td>
<td>testRunner.TestNGRunner@69c81773</td></tr>
<tr>
<td title='testRunner.TestNGRunner.runScenario()'><b>runScenario</b><br>Test class: testRunner.TestNGRunner<br>Test method: Runs Cucumber Scenarios<br>Parameters: "user navigate to registration page", "Optional[feature to test new user registration]"</td>
<td></td>
<td>0</td>
<td>testRunner.TestNGRunner@69c81773</td></tr>
<tr>
<td title='testRunner.TestNGRunner.runScenario()'><b>runScenario</b><br>Test class: testRunner.TestNGRunner<br>Test method: Runs Cucumber Scenarios<br>Parameters: "user navigate to registration page", "Optional[feature to test new user registration]"</td>
<td></td>
<td>1</td>
<td>testRunner.TestNGRunner@69c81773</td></tr>
<tr>
<td title='testRunner.TestNGRunner.runScenario()'><b>runScenario</b><br>Test class: testRunner.TestNGRunner<br>Test method: Runs Cucumber Scenarios<br>Parameters: "User navigating to Deletion of Linked list page", "Optional[Evaluate Linkedlist Module]"</td>
<td></td>
<td>0</td>
<td>testRunner.TestNGRunner@69c81773</td></tr>
<tr>
<td title='testRunner.TestNGRunner.runScenario()'><b>runScenario</b><br>Test class: testRunner.TestNGRunner<br>Test method: Runs Cucumber Scenarios<br>Parameters: "User is able to navigate to tryeditor page and run valid python code", "Optional[Evaluate arrays module]"</td>
<td></td>
<td>0</td>
<td>testRunner.TestNGRunner@69c81773</td></tr>
<tr>
<td title='testRunner.TestNGRunner.runScenario()'><b>runScenario</b><br>Test class: testRunner.TestNGRunner<br>Test method: Runs Cucumber Scenarios<br>Parameters: "User is able to navigate to tryeditor page and run valid python code", "Optional[Evaluate arrays module]"</td>
<td></td>
<td>0</td>
<td>testRunner.TestNGRunner@69c81773</td></tr>
<tr>
<td title='testRunner.TestNGRunner.runScenario()'><b>runScenario</b><br>Test class: testRunner.TestNGRunner<br>Test method: Runs Cucumber Scenarios<br>Parameters: "User navigating to Types of Linked list page", "Optional[Evaluate Linkedlist Module]"</td>
<td></td>
<td>0</td>
<td>testRunner.TestNGRunner@69c81773</td></tr>
<tr>
<td title='testRunner.TestNGRunner.runScenario()'><b>runScenario</b><br>Test class: testRunner.TestNGRunner<br>Test method: Runs Cucumber Scenarios<br>Parameters: "User on login page and login with inavalid and validinputs from Excel"Sheet1" and0", "Optional[User enter valid and invalid credentials for login]"</td>
<td></td>
<td>0</td>
<td>testRunner.TestNGRunner@69c81773</td></tr>
<tr>
<td title='testRunner.TestNGRunner.runScenario()'><b>runScenario</b><br>Test class: testRunner.TestNGRunner<br>Test method: Runs Cucumber Scenarios<br>Parameters: "User is able to navigate to tryeditor page and run invalid python code", "Optional[Evaluate arrays module]"</td>
<td></td>
<td>0</td>
<td>testRunner.TestNGRunner@69c81773</td></tr>
<tr>
<td title='testRunner.TestNGRunner.runScenario()'><b>runScenario</b><br>Test class: testRunner.TestNGRunner<br>Test method: Runs Cucumber Scenarios<br>Parameters: "User navigating to Types of Linked list page", "Optional[Evaluate Linkedlist Module]"</td>
<td></td>
<td>0</td>
<td>testRunner.TestNGRunner@69c81773</td></tr>
<tr>
<td title='testRunner.TestNGRunner.runScenario()'><b>runScenario</b><br>Test class: testRunner.TestNGRunner<br>Test method: Runs Cucumber Scenarios<br>Parameters: "User navigating to Implement Linked list page", "Optional[Evaluate Linkedlist Module]"</td>
<td></td>
<td>0</td>
<td>testRunner.TestNGRunner@69c81773</td></tr>
<tr>
<td title='testRunner.TestNGRunner.runScenario()'><b>runScenario</b><br>Test class: testRunner.TestNGRunner<br>Test method: Runs Cucumber Scenarios<br>Parameters: "user navigate to registration page", "Optional[feature to test new user registration]"</td>
<td></td>
<td>0</td>
<td>testRunner.TestNGRunner@69c81773</td></tr>
<tr>
<td title='testRunner.TestNGRunner.runScenario()'><b>runScenario</b><br>Test class: testRunner.TestNGRunner<br>Test method: Runs Cucumber Scenarios<br>Parameters: "User is able to navigate to tryeditor page and run invalid python code", "Optional[Evaluate arrays module]"</td>
<td></td>
<td>2</td>
<td>testRunner.TestNGRunner@69c81773</td></tr>
<tr>
<td title='testRunner.TestNGRunner.runScenario()'><b>runScenario</b><br>Test class: testRunner.TestNGRunner<br>Test method: Runs Cucumber Scenarios<br>Parameters: "user navigate to registration page", "Optional[feature to test new user registration]"</td>
<td></td>
<td>0</td>
<td>testRunner.TestNGRunner@69c81773</td></tr>
<tr>
<td title='testRunner.TestNGRunner.runScenario()'><b>runScenario</b><br>Test class: testRunner.TestNGRunner<br>Test method: Runs Cucumber Scenarios<br>Parameters: "User navigating to Creating a Linked list page", "Optional[Evaluate Linkedlist Module]"</td>
<td></td>
<td>0</td>
<td>testRunner.TestNGRunner@69c81773</td></tr>
<tr>
<td title='testRunner.TestNGRunner.runScenario()'><b>runScenario</b><br>Test class: testRunner.TestNGRunner<br>Test method: Runs Cucumber Scenarios<br>Parameters: "user navigate to registration page", "Optional[feature to test new user registration]"</td>
<td></td>
<td>0</td>
<td>testRunner.TestNGRunner@69c81773</td></tr>
<tr>
<td title='testRunner.TestNGRunner.runScenario()'><b>runScenario</b><br>Test class: testRunner.TestNGRunner<br>Test method: Runs Cucumber Scenarios<br>Parameters: "User is able to navigate to tryeditor page and run invalid python code", "Optional[Evaluate arrays module]"</td>
<td></td>
<td>0</td>
<td>testRunner.TestNGRunner@69c81773</td></tr>
<tr>
<td title='testRunner.TestNGRunner.runScenario()'><b>runScenario</b><br>Test class: testRunner.TestNGRunner<br>Test method: Runs Cucumber Scenarios<br>Parameters: "User validating Practice Questions Page", "Optional[Evaluate Linkedlist Module]"</td>
<td></td>
<td>0</td>
<td>testRunner.TestNGRunner@69c81773</td></tr>
</table><p>
</body>
</html>